
┌──────────────────────────────────────────────────────────────────────────────┐
│ Tool list_directory                                                          │
│                                                                              │
│ Description:                                                                 │
│ app                                                                          │
│                                                                              │
│ Invocation payload:                                                          │
│ {                                                                            │
│   "path": "C:\\tmp\\blackbox-multi-agent-blackbox-1774602734528\\app"        │
│ }                                                                            │
└──────────────────────────────────────────────────────────────────────────────┘

┌──────────────────────────────────────────────────────────────────────────────┐
│ Tool list_directory                                                          │
│                                                                              │
│ Listed 9 item(s).                                                            │
└──────────────────────────────────────────────────────────────────────────────┘

┌──────────────────────────────────────────────────────────────────────────────┐
│ Tool read_file                                                               │
│                                                                              │
│ Description:                                                                 │
│ app\gallery\page.tsx                                                         │
│                                                                              │
│ Invocation payload:                                                          │
│ {                                                                            │
│   "absolute_path": "C:\\tmp\\blackbox-multi-agent-blackbox-1774602734528\\app\\gallery\\page.tsx"│
│ }                                                                            │
└──────────────────────────────────────────────────────────────────────────────┘

┌──────────────────────────────────────────────────────────────────────────────┐
│ Tool list_directory                                                          │
│                                                                              │
│ Description:                                                                 │
│ app\api                                                                      │
│                                                                              │
│ Invocation payload:                                                          │
│ {                                                                            │
│   "path": "C:\\tmp\\blackbox-multi-agent-blackbox-1774602734528\\app\\api"   │
│ }                                                                            │
└──────────────────────────────────────────────────────────────────────────────┘

┌──────────────────────────────────────────────────────────────────────────────┐
│ Tool list_directory                                                          │
│                                                                              │
│ Listed 2 item(s).                                                            │
└──────────────────────────────────────────────────────────────────────────────┘

┌──────────────────────────────────────────────────────────────────────────────┐
│ Tool read_file                                                               │
│                                                                              │
│ Description:                                                                 │
│ app\api\checkout\route.ts                                                    │
│                                                                              │
│ Invocation payload:                                                          │
│ {                                                                            │
│   "absolute_path": "C:\\tmp\\blackbox-multi-agent-blackbox-1774602734528\\app\\api\\checkout\\route.ts"│
│ }                                                                            │
└──────────────────────────────────────────────────────────────────────────────┘

┌──────────────────────────────────────────────────────────────────────────────┐
│ Tool read_file                                                               │
│                                                                              │
│ Description:                                                                 │
│ app\api\contact\route.ts                                                     │
│                                                                              │
│ Invocation payload:                                                          │
│ {                                                                            │
│   "absolute_path": "C:\\tmp\\blackbox-multi-agent-blackbox-1774602734528\\app\\api\\contact\\route.ts"│
│ }                                                                            │
└──────────────────────────────────────────────────────────────────────────────┘

┌──────────────────────────────────────────────────────────────────────────────┐
│ Tool read_file                                                               │
│                                                                              │
│ Description:                                                                 │
│ package.json                                                                 │
│                                                                              │
│ Invocation payload:                                                          │
│ {                                                                            │
│   "absolute_path": "C:\\tmp\\blackbox-multi-agent-blackbox-1774602734528\\package.json"│
│ }                                                                            │
└──────────────────────────────────────────────────────────────────────────────┘

┌──────────────────────────────────────────────────────────────────────────────┐
│ Tool read_file                                                               │
│                                                                              │
│ JSON object                                                                  │
└──────────────────────────────────────────────────────────────────────────────┘

┌──────────────────────────────────────────────────────────────────────────────┐
│ Tool read_file                                                               │
│                                                                              │
│ Description:                                                                 │
│ app\page.tsx                                                                 │
│                                                                              │
│ Invocation payload:                                                          │
│ {                                                                            │
│   "absolute_path": "C:\\tmp\\blackbox-multi-agent-blackbox-1774602734528\\app\\page.tsx"│
│ }                                                                            │
└──────────────────────────────────────────────────────────────────────────────┘

┌──────────────────────────────────────────────────────────────────────────────┐
│ Tool list_directory                                                          │
│                                                                              │
│ Description:                                                                 │
│ components                                                                   │
│                                                                              │
│ Invocation payload:                                                          │
│ {                                                                            │
│   "path": "C:\\tmp\\blackbox-multi-agent-blackbox-1774602734528\\components" │
│ }                                                                            │
└──────────────────────────────────────────────────────────────────────────────┘

┌──────────────────────────────────────────────────────────────────────────────┐
│ Tool list_directory                                                          │
│                                                                              │
│ Listed 5 item(s).                                                            │
└──────────────────────────────────────────────────────────────────────────────┘

┌──────────────────────────────────────────────────────────────────────────────┐
│ Tool read_file                                                               │
│                                                                              │
│ Description:                                                                 │
│ components\buy-button.tsx                                                    │
│                                                                              │
│ Invocation payload:                                                          │
│ {                                                                            │
│   "absolute_path": "C:\\tmp\\blackbox-multi-agent-blackbox-1774602734528\\components\\buy-button.tsx"│
│ }                                                                            │
└──────────────────────────────────────────────────────────────────────────────┘

┌──────────────────────────────────────────────────────────────────────────────┐
│ Tool read_file                                                               │
│                                                                              │
│ Description:                                                                 │
│ app\layout.tsx                                                               │
│                                                                              │
│ Invocation payload:                                                          │
│ {                                                                            │
│   "absolute_path": "C:\\tmp\\blackbox-multi-agent-blackbox-1774602734528\\app\\layout.tsx"│
│ }                                                                            │
└──────────────────────────────────────────────────────────────────────────────┘
This is a Next.js 15 app for an art studio website (Anyly Studio). Key findings from exploration:

- **Structure**: App router with pages like home (page.tsx), gallery (gallery/page.tsx), and API routes for checkout and contact form handling.
- **Gallery Page**: Displays 9 hardcoded artwork categories with images, prices, descriptions, and Stripe buy/commission buttons.
- **API Routes**:
  - /api/checkout (POST): Creates Stripe checkout sessions for payments.
  - /api/contact (POST): Handles form submissions, sends emails via Resend if configured, redirects on success.
- **Home Page**: Hero, about, gallery preview, services grid, process steps, contact form (submits to /api/contact).
- **Layout**: Global nav/footer, fonts (Cormorant Garamond, DM Sans), theme provider, metadata/SEO.
- **Components**: Includes BuyButton (client-side Stripe handler), nav, mobile nav, UI utils (in ui/).
- **Dependencies**: Next.js, React 19, Tailwind, shadcn-ui, Stripe, Resend, Framer Motion.

What specific task or change do you want to make?
